<?xml version="1.0" encoding="UTF-8"?>
<!-- Generated by org.testng.reporters.JUnitReportReporter -->
<testsuite skipped="0" hostname="BHARATHI_V-PC" name="com.API_Rest.sumofCalcualtion" tests="1" failures="0" timestamp="2021-01-17T19:53:14 IST" time="3.416" errors="0">
  <testcase name="sumofCourse" time="3.416" classname="com.API_Rest.sumofCalcualtion"/>
  <system-out/>
</testsuite> <!-- com.API_Rest.sumofCalcualtion -->
